{"total": {"lines":{"total":194,"covered":194,"skipped":0,"pct":100},"statements":{"total":215,"covered":214,"skipped":0,"pct":99.53},"functions":{"total":22,"covered":22,"skipped":0,"pct":100},"branches":{"total":46,"covered":45,"skipped":0,"pct":97.82},"branchesTrue":{"total":0,"covered":0,"skipped":0,"pct":100}}
,"/Users/vekin-devops/Repository/bencodehard/javascript-cicd-github-actions/src/app.ts": {"lines":{"total":31,"covered":31,"skipped":0,"pct":100},"functions":{"total":3,"covered":3,"skipped":0,"pct":100},"statements":{"total":31,"covered":31,"skipped":0,"pct":100},"branches":{"total":0,"covered":0,"skipped":0,"pct":100}}
,"/Users/vekin-devops/Repository/bencodehard/javascript-cicd-github-actions/src/cache/userCache.ts": {"lines":{"total":23,"covered":23,"skipped":0,"pct":100},"functions":{"total":4,"covered":4,"skipped":0,"pct":100},"statements":{"total":27,"covered":27,"skipped":0,"pct":100},"branches":{"total":2,"covered":2,"skipped":0,"pct":100}}
,"/Users/vekin-devops/Repository/bencodehard/javascript-cicd-github-actions/src/controllers/userController.ts": {"lines":{"total":55,"covered":55,"skipped":0,"pct":100},"functions":{"total":5,"covered":5,"skipped":0,"pct":100},"statements":{"total":60,"covered":60,"skipped":0,"pct":100},"branches":{"total":26,"covered":26,"skipped":0,"pct":100}}
,"/Users/vekin-devops/Repository/bencodehard/javascript-cicd-github-actions/src/middleware/auth.ts": {"lines":{"total":12,"covered":12,"skipped":0,"pct":100},"functions":{"total":1,"covered":1,"skipped":0,"pct":100},"statements":{"total":13,"covered":13,"skipped":0,"pct":100},"branches":{"total":4,"covered":4,"skipped":0,"pct":100}}
,"/Users/vekin-devops/Repository/bencodehard/javascript-cicd-github-actions/src/routes/userRoutes.ts": {"lines":{"total":10,"covered":10,"skipped":0,"pct":100},"functions":{"total":0,"covered":0,"skipped":0,"pct":100},"statements":{"total":10,"covered":10,"skipped":0,"pct":100},"branches":{"total":0,"covered":0,"skipped":0,"pct":100}}
,"/Users/vekin-devops/Repository/bencodehard/javascript-cicd-github-actions/src/services/userService.ts": {"lines":{"total":47,"covered":47,"skipped":0,"pct":100},"functions":{"total":5,"covered":5,"skipped":0,"pct":100},"statements":{"total":54,"covered":53,"skipped":0,"pct":98.14},"branches":{"total":14,"covered":13,"skipped":0,"pct":92.85}}
,"/Users/vekin-devops/Repository/bencodehard/javascript-cicd-github-actions/src/utils/jwt.ts": {"lines":{"total":9,"covered":9,"skipped":0,"pct":100},"functions":{"total":2,"covered":2,"skipped":0,"pct":100},"statements":{"total":11,"covered":11,"skipped":0,"pct":100},"branches":{"total":0,"covered":0,"skipped":0,"pct":100}}
,"/Users/vekin-devops/Repository/bencodehard/javascript-cicd-github-actions/src/utils/password.ts": {"lines":{"total":7,"covered":7,"skipped":0,"pct":100},"functions":{"total":2,"covered":2,"skipped":0,"pct":100},"statements":{"total":9,"covered":9,"skipped":0,"pct":100},"branches":{"total":0,"covered":0,"skipped":0,"pct":100}}
}
