TN:
SF:src/app.ts
FN:24,(anonymous_1)
FN:28,(anonymous_2)
FN:38,(anonymous_3)
FNF:3
FNH:3
FNDA:2,(anonymous_1)
FNDA:2,(anonymous_2)
FNDA:2,(anonymous_3)
DA:1,2
DA:2,2
DA:3,2
DA:4,2
DA:5,2
DA:6,2
DA:7,2
DA:9,2
DA:11,2
DA:12,2
DA:21,2
DA:22,2
DA:24,2
DA:25,2
DA:28,2
DA:29,2
DA:30,2
DA:31,1
DA:33,1
DA:34,1
DA:38,2
DA:39,2
DA:40,2
DA:43,2
DA:44,2
DA:46,2
DA:47,1
DA:49,1
DA:57,1
DA:58,1
DA:62,2
LF:31
LH:31
BRF:0
BRH:0
end_of_record
TN:
SF:src/cache/userCache.ts
FN:7,(anonymous_0)
FN:9,(anonymous_1)
FN:28,(anonymous_2)
FN:37,(anonymous_3)
FNF:4
FNH:4
FNDA:7,(anonymous_0)
FNDA:3,(anonymous_1)
FNDA:2,(anonymous_2)
FNDA:2,(anonymous_3)
DA:1,4
DA:5,4
DA:7,7
DA:9,4
DA:10,3
DA:11,3
DA:13,3
DA:14,3
DA:15,1
DA:16,1
DA:18,2
DA:20,2
DA:21,2
DA:23,1
DA:24,1
DA:28,4
DA:29,2
DA:30,2
DA:32,2
DA:37,4
DA:38,2
DA:39,2
DA:41,2
LF:23
LH:23
BRDA:14,0,0,1
BRDA:14,0,1,2
BRF:2
BRH:2
end_of_record
TN:
SF:src/controllers/userController.ts
FN:10,(anonymous_0)
FN:29,(anonymous_1)
FN:48,(anonymous_2)
FN:66,(anonymous_3)
FN:86,(anonymous_4)
FNF:5
FNH:5
FNDA:4,(anonymous_0)
FNDA:4,(anonymous_1)
FNDA:4,(anonymous_2)
FNDA:4,(anonymous_3)
FNDA:4,(anonymous_4)
DA:2,3
DA:10,3
DA:11,4
DA:12,4
DA:14,4
DA:15,1
DA:18,3
DA:19,1
DA:21,2
DA:22,1
DA:24,1
DA:25,1
DA:29,3
DA:30,4
DA:31,4
DA:33,4
DA:34,1
DA:37,3
DA:38,1
DA:40,2
DA:41,1
DA:43,1
DA:44,1
DA:48,3
DA:49,4
DA:50,4
DA:51,1
DA:54,3
DA:55,2
DA:56,1
DA:59,1
DA:61,1
DA:62,1
DA:66,3
DA:67,4
DA:68,4
DA:70,4
DA:71,1
DA:74,3
DA:75,2
DA:76,1
DA:79,1
DA:81,1
DA:82,1
DA:86,3
DA:87,4
DA:88,4
DA:89,1
DA:92,3
DA:94,3
DA:95,1
DA:100,2
DA:106,1
DA:108,1
DA:109,1
LF:55
LH:55
BRDA:14,0,0,1
BRDA:14,0,1,3
BRDA:14,1,0,4
BRDA:14,1,1,3
BRDA:21,2,0,1
BRDA:21,2,1,1
BRDA:33,3,0,1
BRDA:33,3,1,3
BRDA:33,4,0,4
BRDA:33,4,1,4
BRDA:40,5,0,1
BRDA:40,5,1,1
BRDA:50,6,0,1
BRDA:50,6,1,3
BRDA:55,7,0,1
BRDA:55,7,1,1
BRDA:70,8,0,1
BRDA:70,8,1,3
BRDA:75,9,0,1
BRDA:75,9,1,1
BRDA:88,10,0,1
BRDA:88,10,1,3
BRDA:94,11,0,1
BRDA:94,11,1,2
BRDA:94,12,0,3
BRDA:94,12,1,1
BRF:26
BRH:26
end_of_record
TN:
SF:src/middleware/auth.ts
FN:8,(anonymous_0)
FNF:1
FNH:1
FNDA:4,(anonymous_0)
DA:2,3
DA:8,3
DA:13,4
DA:15,4
DA:16,2
DA:19,2
DA:21,2
DA:22,2
DA:23,1
DA:24,1
DA:26,1
DA:27,1
LF:12
LH:12
BRDA:15,0,0,2
BRDA:15,0,1,2
BRDA:15,1,0,4
BRDA:15,1,1,3
BRF:4
BRH:4
end_of_record
TN:
SF:src/routes/userRoutes.ts
FNF:0
FNH:0
DA:1,2
DA:2,2
DA:9,2
DA:11,2
DA:13,2
DA:14,2
DA:15,2
DA:17,2
DA:18,2
DA:20,2
LF:10
LH:10
BRF:0
BRH:0
end_of_record
TN:
SF:src/services/userService.ts
FN:19,(anonymous_0)
FN:50,(anonymous_1)
FN:74,(anonymous_2)
FN:98,(anonymous_3)
FN:120,(anonymous_4)
FNF:5
FNH:5
FNDA:2,(anonymous_0)
FNDA:3,(anonymous_1)
FNDA:3,(anonymous_2)
FNDA:6,(anonymous_3)
FNDA:1,(anonymous_4)
DA:1,4
DA:2,4
DA:3,4
DA:5,4
DA:19,4
DA:20,2
DA:24,2
DA:25,1
DA:28,1
DA:30,1
DA:39,1
DA:42,1
DA:44,1
DA:50,4
DA:51,3
DA:55,3
DA:56,1
DA:59,2
DA:60,2
DA:61,1
DA:64,1
DA:66,1
DA:68,1
DA:74,4
DA:78,3
DA:79,3
DA:80,1
DA:81,1
DA:85,2
DA:89,2
DA:92,2
DA:94,1
DA:95,1
DA:98,4
DA:99,6
DA:100,6
DA:101,2
DA:104,4
DA:108,4
DA:110,2
DA:111,2
DA:120,4
DA:123,1
DA:125,1
DA:135,1
DA:137,1
DA:138,1
LF:47
LH:47
BRDA:24,0,0,1
BRDA:24,0,1,1
BRDA:55,1,0,1
BRDA:55,1,1,2
BRDA:60,2,0,1
BRDA:60,2,1,1
BRDA:79,3,0,1
BRDA:79,3,1,2
BRDA:89,4,0,0
BRDA:89,4,1,2
BRDA:100,5,0,2
BRDA:100,5,1,4
BRDA:108,6,0,2
BRDA:108,6,1,2
BRF:14
BRH:13
end_of_record
TN:
SF:src/utils/jwt.ts
FN:9,(anonymous_1)
FN:20,(anonymous_2)
FNF:2
FNH:2
FNDA:3,(anonymous_1)
FNDA:2,(anonymous_2)
DA:1,6
DA:2,6
DA:9,6
DA:10,3
DA:12,3
DA:17,3
DA:20,6
DA:21,2
DA:22,2
LF:9
LH:9
BRF:0
BRH:0
end_of_record
TN:
SF:src/utils/password.ts
FN:4,(anonymous_1)
FN:9,(anonymous_2)
FNF:2
FNH:2
FNDA:2,(anonymous_1)
FNDA:2,(anonymous_2)
DA:1,4
DA:2,4
DA:4,4
DA:5,2
DA:6,2
DA:9,4
DA:13,2
LF:7
LH:7
BRF:0
BRH:0
end_of_record
